<?xml version="1.0" encoding="UTF-8"?>
<!-- Generated by org.testng.reporters.JUnitXMLReporter -->
<testsuite hostname="DLLA28P3273" ignored="0" name="Test" tests="5" failures="0" timestamp="2020-02-03T17:47:19 IST" time="33.638" errors="0">
  <testcase name="gridGate" time="0.979" classname="Tatoc_TestNG_Package.Tatoc_TestNG_File2"/>
  <testcase name="frameDungeon" time="24.628" classname="Tatoc_TestNG_Package.Tatoc_TestNG_File2"/>
  <testcase name="dragAround" time="0.5" classname="Tatoc_TestNG_Package.Tatoc_TestNG_File2"/>
  <testcase name="popupWindows" time="1.602" classname="Tatoc_TestNG_Package.Tatoc_TestNG_File2"/>
  <testcase name="cookieHandling" time="0.272" classname="Tatoc_TestNG_Package.Tatoc_TestNG_File2"/>
</testsuite> <!-- Test -->
