<?xml version="1.0" encoding="UTF-8"?>
<testng-results skipped="0" failed="1" ignored="0" total="2" passed="1">
  <reporter-output>
  </reporter-output>
  <suite name="Tatoc_Suite1" duration-ms="5873" started-at="2020-02-03T18:34:24 IST" finished-at="2020-02-03T18:34:30 IST">
    <groups>
      <group name="TatocAdvanced">
        <method signature="Driver.launchTatocAdvancedCourse()[pri:0, instance:tatoc_Advanced_TestNG.Driver@3fd7a715]" name="launchTatocAdvancedCourse" class="tatoc_Advanced_TestNG.Driver"/>
      </group> <!-- TatocAdvanced -->
    </groups>
    <test name="Test_Tatoc_Advanced" duration-ms="5873" started-at="2020-02-03T18:34:24 IST" finished-at="2020-02-03T18:34:30 IST">
      <class name="tatoc_Advanced_TestNG.Task1_Hover">
        <test-method status="FAIL" signature="hoverMenu(org.openqa.selenium.WebDriver)[pri:0, instance:tatoc_Advanced_TestNG.Task1_Hover@711f39f9]" name="hoverMenu" duration-ms="0" depends-on-groups="TatocAdvanced" started-at="2020-02-03T18:34:30 IST" finished-at="2020-02-03T18:34:30 IST">
          <exception class="org.testng.TestNGException">
            <message>
              <![CDATA[
Cannot inject @Test annotated Method [hoverMenu] with [interface org.openqa.selenium.WebDriver].
For more information on native dependency injection please refer to http://testng.org/doc/documentation-main.html#native-dependency-injection]]>
            </message>
            <full-stacktrace>
              <![CDATA[org.testng.TestNGException: 
Cannot inject @Test annotated Method [hoverMenu] with [interface org.openqa.selenium.WebDriver].
For more information on native dependency injection please refer to http://testng.org/doc/documentation-main.html#native-dependency-injection
at org.testng.internal.Parameters.checkParameterTypes(Parameters.java:458)
at org.testng.internal.Parameters.createParametersForMethod(Parameters.java:372)
at org.testng.internal.Parameters.createParameters(Parameters.java:729)
at org.testng.internal.Parameters.handleParameters(Parameters.java:895)
at org.testng.internal.Parameters.handleParameters(Parameters.java:762)
at org.testng.internal.ParameterHandler.handleParameters(ParameterHandler.java:60)
at org.testng.internal.ParameterHandler.createParameters(ParameterHandler.java:39)
at org.testng.internal.TestInvoker$MethodInvocationAgent.invoke(TestInvoker.java:771)
at org.testng.internal.TestInvoker.invokeTestMethods(TestInvoker.java:145)
at org.testng.internal.TestMethodWorker.invokeTestMethods(TestMethodWorker.java:146)
at org.testng.internal.TestMethodWorker.run(TestMethodWorker.java:128)
at java.util.ArrayList.forEach(Unknown Source)
at org.testng.TestRunner.privateRun(TestRunner.java:770)
at org.testng.TestRunner.run(TestRunner.java:591)
at org.testng.SuiteRunner.runTest(SuiteRunner.java:402)
at org.testng.SuiteRunner.runSequentially(SuiteRunner.java:396)
at org.testng.SuiteRunner.privateRun(SuiteRunner.java:355)
at org.testng.SuiteRunner.run(SuiteRunner.java:304)
at org.testng.SuiteRunnerWorker.runSuite(SuiteRunnerWorker.java:53)
at org.testng.SuiteRunnerWorker.run(SuiteRunnerWorker.java:96)
at org.testng.TestNG.runSuitesSequentially(TestNG.java:1180)
at org.testng.TestNG.runSuitesLocally(TestNG.java:1102)
at org.testng.TestNG.runSuites(TestNG.java:1032)
at org.testng.TestNG.run(TestNG.java:1000)
at org.testng.remote.AbstractRemoteTestNG.run(AbstractRemoteTestNG.java:115)
at org.testng.remote.RemoteTestNG.initAndRun(RemoteTestNG.java:251)
at org.testng.remote.RemoteTestNG.main(RemoteTestNG.java:77)
]]>
            </full-stacktrace>
          </exception> <!-- org.testng.TestNGException -->
          <reporter-output>
          </reporter-output>
        </test-method> <!-- hoverMenu -->
      </class> <!-- tatoc_Advanced_TestNG.Task1_Hover -->
      <class name="tatoc_Advanced_TestNG.Driver">
        <test-method status="PASS" signature="setDriver(java.lang.String)[pri:0, instance:tatoc_Advanced_TestNG.Driver@3fd7a715]" name="setDriver" is-config="true" duration-ms="4193" started-at="2020-02-03T18:34:24 IST" finished-at="2020-02-03T18:34:29 IST">
          <params>
            <param index="0">
              <value>
                <![CDATA[Chrome]]>
              </value>
            </param>
          </params>
          <reporter-output>
          </reporter-output>
        </test-method> <!-- setDriver -->
        <test-method status="PASS" signature="launchTatocAdvancedCourse()[pri:0, instance:tatoc_Advanced_TestNG.Driver@3fd7a715]" name="launchTatocAdvancedCourse" duration-ms="1634" started-at="2020-02-03T18:34:29 IST" finished-at="2020-02-03T18:34:30 IST">
          <reporter-output>
          </reporter-output>
        </test-method> <!-- launchTatocAdvancedCourse -->
      </class> <!-- tatoc_Advanced_TestNG.Driver -->
    </test> <!-- Test_Tatoc_Advanced -->
  </suite> <!-- Tatoc_Suite1 -->
</testng-results>
